\BOOKMARK [0][-]{chapter.1}{\376\377\000W\000s\000t\001\031\000p}{}% 1
\BOOKMARK [1][-]{section.1.1}{\376\377\000W\000p\000r\000o\000w\000a\000d\000z\000e\000n\000i\000e\000\040\000w\000\040\000p\000r\000o\000b\000l\000e\000m}{chapter.1}% 2
\BOOKMARK [1][-]{section.1.2}{\376\377\000C\000e\000l\000\040\000p\000r\000a\000c\000y}{chapter.1}% 3
\BOOKMARK [1][-]{section.1.3}{\376\377\000Z\000a\000k\000r\000e\000s\000\040\000p\000r\000a\000c\000y}{chapter.1}% 4
\BOOKMARK [1][-]{section.1.4}{\376\377\000C\000h\000a\000r\000a\000k\000t\000e\000r\000y\000s\000t\000y\000k\000a\000\040\000r\000o\000z\000d\000z\000i\000a\001\102\000\363\000w}{chapter.1}% 5
\BOOKMARK [0][-]{chapter.2}{\376\377\000A\000n\000a\000l\000i\000z\000a\000\040\000t\000e\000m\000a\000t\000u}{}% 6
\BOOKMARK [1][-]{section.2.1}{\376\377\000S\000f\000o\000r\000m\000u\001\102\000o\000w\000a\000n\000i\000e\000\040\000p\000r\000o\000b\000l\000e\000m\000u}{chapter.2}% 7
\BOOKMARK [1][-]{section.2.2}{\376\377\000O\000s\000a\000d\000z\000e\000n\000i\000e\000\040\000t\000e\000m\000a\000t\000u\000\040\000w\000\040\000k\000o\000n\000t\000e\000k\001\133\000c\000i\000e\000\040\000a\000k\000t\000u\000a\000l\000n\000e\000g\000o\000\040\000s\000t\000a\000n\000u\000\040\000w\000i\000e\000d\000z\000y}{chapter.2}% 8
\BOOKMARK [1][-]{section.2.3}{\376\377\000O\000p\000i\000s\000\040\000z\000n\000a\000n\000y\000c\000h\000\040\000r\000o\000z\000w\000i\001\005\000z\000a\001\104}{chapter.2}% 9
\BOOKMARK [0][-]{chapter.3}{\376\377\000W\000y\000m\000a\000g\000a\000n\000i\000a\000\040\000i\000\040\000n\000a\000r\000z\001\031\000d\000z\000i\000a}{}% 10
\BOOKMARK [1][-]{section.3.1}{\376\377\000W\000y\000m\000a\000g\000a\000n\000i\000a\000\040\000f\000u\000n\000k\000c\000j\000o\000n\000a\000l\000n\000e}{chapter.3}% 11
\BOOKMARK [1][-]{section.3.2}{\376\377\000W\000y\000m\000a\000g\000a\000n\000i\000a\000\040\000n\000i\000e\000f\000u\000n\000k\000c\000j\000o\000n\000a\000l\000n\000e}{chapter.3}% 12
\BOOKMARK [1][-]{section.3.3}{\376\377\000S\000t\000o\000s\000\040\000t\000e\000c\000h\000n\000o\000l\000o\000g\000i\000c\000z\000n\000y}{chapter.3}% 13
\BOOKMARK [2][-]{subsection.3.3.1}{\376\377\000J\000a\000v\000a}{section.3.3}% 14
\BOOKMARK [2][-]{subsection.3.3.2}{\376\377\000S\000p\000r\000i\000n\000g\000\040\000B\000o\000o\000t}{section.3.3}% 15
\BOOKMARK [2][-]{subsection.3.3.3}{\376\377\000J\000a\000v\000a\000S\000c\000r\000i\000p\000t}{section.3.3}% 16
\BOOKMARK [2][-]{subsection.3.3.4}{\376\377\000T\000y\000p\000e\000S\000c\000r\000i\000p\000t}{section.3.3}% 17
\BOOKMARK [2][-]{subsection.3.3.5}{\376\377\000R\000e\000a\000c\000t}{section.3.3}% 18
\BOOKMARK [2][-]{subsection.3.3.6}{\376\377\000P\000o\000s\000t\000g\000r\000e\000S\000Q\000L}{section.3.3}% 19
\BOOKMARK [2][-]{subsection.3.3.7}{\376\377\000P\000o\000s\000t\000G\000I\000S}{section.3.3}% 20
\BOOKMARK [2][-]{subsection.3.3.8}{\376\377\000H\000i\000b\000e\000r\000n\000a\000t\000e}{section.3.3}% 21
\BOOKMARK [2][-]{subsection.3.3.9}{\376\377\000G\000i\000t}{section.3.3}% 22
\BOOKMARK [1][-]{section.3.4}{\376\377\000O\000p\000r\000o\000g\000r\000a\000m\000o\000w\000a\000n\000i\000e\000\040\000d\000o\000\040\000e\000d\000y\000c\000j\000i\000\040\000k\000o\000d\000u}{chapter.3}% 23
\BOOKMARK [2][-]{subsection.3.4.1}{\376\377\000I\000n\000t\000e\000l\000l\000i\000J\000\040\000I\000d\000e\000a}{section.3.4}% 24
\BOOKMARK [2][-]{subsection.3.4.2}{\376\377\000V\000i\000s\000u\000a\000l\000\040\000S\000t\000u\000d\000i\000o\000\040\000C\000o\000d\000e}{section.3.4}% 25
\BOOKMARK [2][-]{subsection.3.4.3}{\376\377\000P\000g\000A\000d\000m\000i\000n}{section.3.4}% 26
\BOOKMARK [2][-]{subsection.3.4.4}{\376\377\000G\000i\000t\000H\000u\000b}{section.3.4}% 27
\BOOKMARK [1][-]{section.3.5}{\376\377\000M\000e\000t\000o\000d\000y\000k\000a\000\040\000p\000r\000a\000c\000y}{chapter.3}% 28
\BOOKMARK [0][-]{chapter.4}{\376\377\000S\000p\000e\000c\000y\000f\000i\000k\000a\000c\000j\000a\000\040\000z\000e\000w\000n\001\031\000t\000r\000z\000n\000a}{}% 29
\BOOKMARK [1][-]{section.4.1}{\376\377\000W\000y\000m\000a\000g\000a\000n\000i\000a\000\040\000s\000p\000r\000z\001\031\000t\000o\000w\000e\000\040\000i\000\040\000p\000r\000o\000g\000r\000a\000m\000o\000w\000e}{chapter.4}% 30
\BOOKMARK [1][-]{section.4.2}{\376\377\000K\000a\000t\000e\000g\000o\000r\000i\000e\000\040\000u\001\174\000y\000t\000k\000o\000w\000n\000i\000k\000\363\000w}{chapter.4}% 31
\BOOKMARK [1][-]{section.4.3}{\376\377\000S\000p\000o\000s\000\363\000b\000\040\000o\000b\000s\001\102\000u\000g\000i}{chapter.4}% 32
\BOOKMARK [0][-]{chapter.5}{\376\377\000S\000p\000e\000c\000y\000f\000i\000k\000a\000c\000j\000a\000\040\000w\000e\000w\000n\001\031\000t\000r\000z\000n\000a}{}% 33
\BOOKMARK [1][-]{section.5.1}{\376\377\000P\000r\000z\000e\000d\000s\000t\000a\000w\000i\000e\000n\000i\000e\000\040\000a\000r\000c\000h\000i\000t\000e\000k\000t\000u\000r\000y\000\040\000s\000y\000s\000t\000e\000m\000u}{chapter.5}% 34
\BOOKMARK [1][-]{section.5.2}{\376\377\000O\000p\000i\000s\000\040\000s\000t\000r\000u\000k\000t\000u\000r\000\040\000d\000a\000n\000y\000c\000h}{chapter.5}% 35
\BOOKMARK [1][-]{section.5.3}{\376\377\000M\000o\000d\000e\000l\000\040\000d\000a\000n\000y\000c\000h}{chapter.5}% 36
\BOOKMARK [1][-]{section.5.4}{\376\377\000S\000z\000c\000z\000e\000g\000\363\001\102\000y\000\040\000i\000m\000p\000l\000e\000m\000e\000n\000t\000a\000c\000j\000i\000\040\000w\000y\000b\000r\000a\000n\000y\000c\000h\000\040\000f\000r\000a\000g\000m\000e\000n\000t\000\363\000w}{chapter.5}% 37
\BOOKMARK [2][-]{subsection.5.4.1}{\376\377\000K\000o\000m\000p\000o\000n\000e\000n\000t\000y\000\040\000R\000e\000a\000c\000t}{section.5.4}% 38
\BOOKMARK [2][-]{subsection.5.4.2}{\376\377\000P\000r\000o\000c\000e\000s\000\040\000g\000e\000n\000e\000r\000o\000w\000a\000n\000i\000a\000\040\000i\000\040\000o\000b\000s\001\102\000u\000g\000i\000\040\001\174\001\005\000d\000a\001\104}{section.5.4}% 39
\BOOKMARK [0][-]{chapter.6}{\376\377\000W\000e\000r\000y\000f\000i\000k\000a\000c\000j\000a\000\040\000i\000\040\000w\000a\000l\000i\000d\000a\000c\000j\000a}{}% 40
\BOOKMARK [1][-]{section.6.1}{\376\377\000S\000p\000o\000s\000\363\000b\000\040\000t\000e\000s\000t\000o\000w\000a\000n\000i\000a}{chapter.6}% 41
\BOOKMARK [1][-]{section.6.2}{\376\377\000W\000y\000k\000r\000y\000t\000e\000\040\000i\000\040\000u\000s\000u\000n\000i\001\031\000t\000e\000\040\000b\001\102\001\031\000d\000y}{chapter.6}% 42
\BOOKMARK [0][-]{chapter.7}{\376\377\000P\000o\000d\000s\000u\000m\000o\000w\000a\000n\000i\000e\000\040\000i\000\040\000w\000n\000i\000o\000s\000k\000i}{}% 43
\BOOKMARK [1][-]{section.7.1}{\376\377\000U\000z\000y\000s\000k\000a\000n\000e\000\040\000w\000y\000n\000i\000k\000i\000\040\000w\000\040\001\133\000w\000i\000e\000t\000l\000e\000\040\000p\000o\000s\000t\000a\000w\000i\000o\000n\000y\000c\000h\000\040\000c\000e\000l\000\363\000w\000\040\000i\000\040\000z\000d\000e\000f\000i\000n\000i\000o\000w\000a\000n\000y\000c\000h\000\040\000w\000y\000m\000a\000g\000a\001\104}{chapter.7}% 44
\BOOKMARK [1][-]{section.7.2}{\376\377\000K\000i\000e\000r\000u\000n\000k\000i\000\040\000d\000a\000l\000s\000z\000e\000g\000o\000\040\000r\000o\000z\000w\000o\000j\000u\000\040\000s\000y\000s\000t\000e\000m\000u}{chapter.7}% 45
\BOOKMARK [0][-]{chapter*.117}{\376\377\000B\000i\000b\000l\000i\000o\000g\000r\000a\000f\000i\000a}{}% 46
\BOOKMARK [0][-]{appendix*.118}{\376\377\000L\000i\000s\000t\000a\000\040\000d\000o\000d\000a\000t\000k\000o\000w\000y\000c\000h\000\040\000p\000l\000i\000k\000\363\000w\000,\000\040\000u\000z\000u\000p\000e\001\102\000n\000i\000a\000j\001\005\000c\000y\000c\000h\000\040\000t\000e\000k\000s\000t\000\040\000p\000r\000a\000c\000y}{}% 47
\BOOKMARK [0][-]{appendix*.119}{\376\377\000S\000p\000i\000s\000\040\000r\000y\000s\000u\000n\000k\000\363\000w}{}% 48
